
ROM used:   6818/33788 (20%)
            6818/33788 (20%) including unused fragments

            1.6 Average locations per line
            5.5 Average locations per statement

RAM used:   395/8192 (5%) at main() level
            523/8192 (6%) worst case

Stack size: 128

Lines Stmts  %   Files
----- ----- ---  -----
  289   137  11  main.c
  862     0   0  lib\24FJ48GA002.h
   33     0   0  lib\BL_Support.h
   31     0   0  const\const_var.h
   43     0   0  const\pin_var.h
  163     0   0  C:\Program Files (x86)\PICC\drivers\stdint.h
   32     0   0  C:\Program Files (x86)\PICC\drivers\stddef.h
 2229   921  75  C:\Program Files (x86)\PICC\drivers\math.h
   30     3   0  math\math_calculate.h
   59    21   2  hw_io\interrupt.h
   23     4   0  communication\print_form.h
  110    34   3  communication\protocol.h
  158    55   4  control\motor.h
   24     0   0  control\var.h
  107    56   5  control\position_control.h
----- -----
 4193  1231 Total

Page ROM  %  RAM   Vol Diff  Functions:
---- --- --- ---   --- ----  ----------
0    104   1    8             @FLT
0     44   0    4             @SFTOI
0    196   1    8             @MULFF
0    426   3    8             @ADDFF
0    272   2    0             @MULFF64
0     86   1    0             @F64TOSI64
0    100   1    0             @SI64TOF64
0    494   4    8             @ADDFF64
0    202   1    8             @DIVFF
0    264   2    8             @DIVFF64
0     74   1    2             @SITOF
0     70   1    0             @F48TO64
0     74   1   15    79  2.9  distance
0     36   0    0   165  2.2  initTimer
0     10   0    0    88  1.7  setupEncoderInterrupt
0      4   0    0    17  0.8  setSerialInterrupt
0     52   0    2    76  3.0  INT_EXT_INPUT1
0     52   0    2    78  2.7  INT_EXT_INPUT2
0     16   0    2             @delay_ms1
0     34   0    3             @GETCH_BIU_1
0    122   1    8   648  6.7  sentData
0    102   1    9   522  9.3  decodePackage
0     92   1    6   349  4.3  readSerialData
0    102   1    6   227  4.6  angleToPulse
0      6   0    2    35  1.4  servoRotate
0      6   0    2    35  1.4  servoKeep
0    228   2    9   860  5.8  driveMotor
0    342   3   13   868  5.6  gotoXY
0     90   1   25   154  5.5  map
0     66   0    8             @MULS3232
0    126   1    8             @DIVS3232A
0    160   1   10   399  7.0  pwmWrite
0     64   0    4             @FTOSD
 Inline         9   579  5.2  servoControl
 Inline         7  1394  6.4  motorControl
0     78   1    4             @SDTOF
 Inline         2   673  4.8  gotoHome
0     84   1    3   127  2.8  TIMER1_isr
0     68   0    0             @F64TO48
0    118   1    0    16  1.0  TIMER3_isr
0   1748  13    0   662  6.2  MAIN
0     70   1    0   305  2.3  setupHardware
0     28   0    0   200  2.3  setupPwm
 Inline         2   158  2.6  verifyLimitSwitch
 Inline         2   646  7.7  onDetectLine
 Inline         0  3416  9.4  onDataReceive
 Inline         0             @cinit1

Program metrics:
    Functions               27
    Statements              1231
    Comments                650
    Volume (V)              21350
    Difficulty (D)          117.2
    Effort to implement (E) 2502760
    Time to implement (T)   38 hours, 37 minutes
    Est Delivered Bugs (B)  6
    Cyclomatic Complexity   55
    Maintainability (MI)    122

 Segment     Used  Free
-----------  ----  ----
00000-00BFE     0  3072  
00C00-00C02     4  0  
00C04-00DFA   504  0  
00DFC-083FA  6310  23898  



